<?xml version="1.0" encoding="UTF-8"?>
<!-- Generated by org.testng.reporters.JUnitXMLReporter -->
<testsuite hostname="uftuser-PC" ignored="0" name="Test" tests="3" failures="0" timestamp="14 Nov 2019 05:29:23 GMT" time="48.082" errors="0">
  <testcase name="createUSerTest" time="0.006" classname="com.actitime.customertest.UserTest"/>
  <testcase name="createCustomerTest" time="2.108" classname="com.actitime.customertest.CustomerTest"/>
  <testcase name="createDuplicateCustomer" time="1.168" classname="com.actitime.customertest.CreateDuplicateCustomer"/>
</testsuite> <!-- Test -->
